<?xml version="1.0" encoding="UTF-8"?>
<!-- Generated by org.testng.reporters.JUnitXMLReporter -->
<testsuite ignored="0" hostname="JAMES-LAPTOP" failures="0" tests="19" name="Surefire test" time="0.532" errors="0" timestamp="2025-09-22T13:07:07 CST">
  <testcase classname="com.jameswushanghai.statemachine.action.CompleteActionTest" name="testDoAction_basicBehavior" time="0.007"/>
  <testcase classname="com.jameswushanghai.statemachine.action.CompleteActionTest" name="testDoAction_invalidTimeTypes" time="0.002"/>
  <testcase classname="com.jameswushanghai.statemachine.action.CompleteActionTest" name="testDoAction_missingProcessTime" time="0.001"/>
  <testcase classname="com.jameswushanghai.statemachine.action.CompleteActionTest" name="testDoAction_missingTimestamp" time="0.001"/>
  <testcase classname="com.jameswushanghai.statemachine.action.CompleteActionTest" name="testDoAction_withExistingContextData" time="0.001"/>
  <testcase classname="com.jameswushanghai.statemachine.action.CompleteActionTest" name="testDoAction_withTimestamps" time="0.001"/>
  <testcase classname="com.jameswushanghai.statemachine.action.ProcessActionTest" name="testDoAction_basicBehavior" time="0.103"/>
  <testcase classname="com.jameswushanghai.statemachine.action.ProcessActionTest" name="testDoAction_threadSleepBehavior" time="0.102"/>
  <testcase classname="com.jameswushanghai.statemachine.action.ProcessActionTest" name="testDoAction_withExistingContextData" time="0.103"/>
  <testcase classname="com.jameswushanghai.statemachine.action.RetryActionTest" name="testDoAction_firstRetry" time="0.001"/>
  <testcase classname="com.jameswushanghai.statemachine.action.RetryActionTest" name="testDoAction_invalidRetryCountType" time="0.0"/>
  <testcase classname="com.jameswushanghai.statemachine.action.RetryActionTest" name="testDoAction_subsequentRetries" time="0.001"/>
  <testcase classname="com.jameswushanghai.statemachine.action.RetryActionTest" name="testDoAction_withExistingContextData" time="0.003"/>
  <testcase classname="com.jameswushanghai.statemachine.action.StartActionTest" name="testDoAction_firstExecution" time="0.0"/>
  <testcase classname="com.jameswushanghai.statemachine.action.StartActionTest" name="testDoAction_invalidFirstExecutionType" time="0.002"/>
  <testcase classname="com.jameswushanghai.statemachine.action.StartActionTest" name="testDoAction_noFirstExecutionFlag" time="0.001"/>
  <testcase classname="com.jameswushanghai.statemachine.action.StartActionTest" name="testDoAction_nonFirstExecution" time="0.0"/>
  <testcase classname="com.jameswushanghai.statemachine.SimpleTest" name="testSimple" time="0.0"/>
  <testcase classname="com.jameswushanghai.statemachine.VerySimpleTest" name="testVerySimple" time="0.0"/>
</testsuite> <!-- Surefire test -->
