<?xml version="1.0" encoding="UTF-8"?>
<testsuite xmlns:xsi="http://www.w3.org/2001/XMLSchema-instance" xsi:noNamespaceSchemaLocation="https://maven.apache.org/surefire/maven-surefire-plugin/xsd/surefire-test-report-3.0.xsd" version="3.0" name="TestSuite" time="1.322" tests="19" errors="0" skipped="0" failures="0">
  <properties>
[...]
</properties>
  <testcase name="testDoAction_basicBehavior" classname="com.jameswushanghai.statemachine.action.CompleteActionTest" time="0.008">
    <system-out><![CDATA[VerySimpleTest实例化成功
13:07:07.092 [main] INFO  com.jameswushanghai.statemachine.action.CompleteAction - 执行完成动作
13:07:07.094 [main] INFO  com.jameswushanghai.statemachine.action.CompleteAction - 任务已成功完成
]]></system-out>
  </testcase>
  <testcase name="testDoAction_invalidTimeTypes" classname="com.jameswushanghai.statemachine.action.CompleteActionTest" time="0.007">
    <system-out><![CDATA[13:07:07.101 [main] INFO  com.jameswushanghai.statemachine.action.CompleteAction - 执行完成动作
13:07:07.103 [main] WARN  com.jameswushanghai.statemachine.action.CompleteAction - 无法计算流程耗时，时间戳格式不正确: For input string: "invalid_timestamp"
13:07:07.103 [main] INFO  com.jameswushanghai.statemachine.action.CompleteAction - 任务已成功完成
]]></system-out>
  </testcase>
  <testcase name="testDoAction_missingProcessTime" classname="com.jameswushanghai.statemachine.action.CompleteActionTest" time="0.002">
    <system-out><![CDATA[13:07:07.105 [main] INFO  com.jameswushanghai.statemachine.action.CompleteAction - 执行完成动作
13:07:07.105 [main] INFO  com.jameswushanghai.statemachine.action.CompleteAction - 任务已成功完成
]]></system-out>
  </testcase>
  <testcase name="testDoAction_missingTimestamp" classname="com.jameswushanghai.statemachine.action.CompleteActionTest" time="0.001">
    <system-out><![CDATA[13:07:07.107 [main] INFO  com.jameswushanghai.statemachine.action.CompleteAction - 执行完成动作
13:07:07.107 [main] INFO  com.jameswushanghai.statemachine.action.CompleteAction - 任务已成功完成
]]></system-out>
  </testcase>
  <testcase name="testDoAction_withExistingContextData" classname="com.jameswushanghai.statemachine.action.CompleteActionTest" time="0.001">
    <system-out><![CDATA[13:07:07.109 [main] INFO  com.jameswushanghai.statemachine.action.CompleteAction - 执行完成动作
13:07:07.109 [main] INFO  com.jameswushanghai.statemachine.action.CompleteAction - 任务已成功完成
]]></system-out>
  </testcase>
  <testcase name="testDoAction_withTimestamps" classname="com.jameswushanghai.statemachine.action.CompleteActionTest" time="0.001">
    <system-out><![CDATA[13:07:07.110 [main] INFO  com.jameswushanghai.statemachine.action.CompleteAction - 执行完成动作
13:07:07.110 [main] INFO  com.jameswushanghai.statemachine.action.CompleteAction - 整个流程耗时: 1000ms
13:07:07.111 [main] INFO  com.jameswushanghai.statemachine.action.CompleteAction - 处理阶段耗时: 500ms
13:07:07.111 [main] INFO  com.jameswushanghai.statemachine.action.CompleteAction - 任务已成功完成
]]></system-out>
  </testcase>
  <testcase name="testDoAction_basicBehavior" classname="com.jameswushanghai.statemachine.action.ProcessActionTest" time="0.102">
    <system-out><![CDATA[13:07:07.117 [main] INFO  com.jameswushanghai.statemachine.action.ProcessAction - 执行处理动作
13:07:07.117 [main] INFO  com.jameswushanghai.statemachine.action.ProcessAction - 正在处理数据...
13:07:07.218 [main] INFO  com.jameswushanghai.statemachine.action.ProcessAction - 处理完成，准备进入下一阶段
]]></system-out>
  </testcase>
  <testcase name="testDoAction_threadSleepBehavior" classname="com.jameswushanghai.statemachine.action.ProcessActionTest" time="0.103">
    <system-out><![CDATA[13:07:07.219 [main] INFO  com.jameswushanghai.statemachine.action.ProcessAction - 执行处理动作
13:07:07.219 [main] INFO  com.jameswushanghai.statemachine.action.ProcessAction - 正在处理数据...
13:07:07.321 [main] INFO  com.jameswushanghai.statemachine.action.ProcessAction - 处理完成，准备进入下一阶段
]]></system-out>
  </testcase>
  <testcase name="testDoAction_withExistingContextData" classname="com.jameswushanghai.statemachine.action.ProcessActionTest" time="0.107">
    <system-out><![CDATA[13:07:07.324 [main] INFO  com.jameswushanghai.statemachine.action.ProcessAction - 执行处理动作
13:07:07.324 [main] INFO  com.jameswushanghai.statemachine.action.ProcessAction - 正在处理数据...
13:07:07.426 [main] INFO  com.jameswushanghai.statemachine.action.ProcessAction - 处理完成，准备进入下一阶段
]]></system-out>
  </testcase>
  <testcase name="testDoAction_firstRetry" classname="com.jameswushanghai.statemachine.action.RetryActionTest" time="0.017">
    <system-out><![CDATA[13:07:07.433 [main] INFO  com.jameswushanghai.statemachine.action.RetryAction - 执行重试动作
]]></system-out>
  </testcase>
  <testcase name="testDoAction_invalidRetryCountType" classname="com.jameswushanghai.statemachine.action.RetryActionTest" time="0.002">
    <system-out><![CDATA[13:07:07.434 [main] INFO  com.jameswushanghai.statemachine.action.RetryAction - 执行重试动作
]]></system-out>
  </testcase>
  <testcase name="testDoAction_subsequentRetries" classname="com.jameswushanghai.statemachine.action.RetryActionTest" time="0.001">
    <system-out><![CDATA[13:07:07.435 [main] INFO  com.jameswushanghai.statemachine.action.RetryAction - 执行重试动作
]]></system-out>
  </testcase>
  <testcase name="testDoAction_withExistingContextData" classname="com.jameswushanghai.statemachine.action.RetryActionTest" time="0.001">
    <system-out><![CDATA[13:07:07.440 [main] INFO  com.jameswushanghai.statemachine.action.RetryAction - 执行重试动作
]]></system-out>
  </testcase>
  <testcase name="testDoAction_firstExecution" classname="com.jameswushanghai.statemachine.action.StartActionTest" time="0">
    <system-out><![CDATA[13:07:07.446 [main] INFO  com.jameswushanghai.statemachine.action.StartAction - 执行开始动作
13:07:07.446 [main] INFO  com.jameswushanghai.statemachine.action.StartAction - 第一次执行start动作，返回失败
]]></system-out>
  </testcase>
  <testcase name="testDoAction_invalidFirstExecutionType" classname="com.jameswushanghai.statemachine.action.StartActionTest" time="0.001">
    <system-out><![CDATA[13:07:07.448 [main] INFO  com.jameswushanghai.statemachine.action.StartAction - 执行开始动作
13:07:07.449 [main] INFO  com.jameswushanghai.statemachine.action.StartAction - 非第一次执行start动作，返回成功
]]></system-out>
  </testcase>
  <testcase name="testDoAction_noFirstExecutionFlag" classname="com.jameswushanghai.statemachine.action.StartActionTest" time="0.001">
    <system-out><![CDATA[13:07:07.449 [main] INFO  com.jameswushanghai.statemachine.action.StartAction - 执行开始动作
13:07:07.450 [main] INFO  com.jameswushanghai.statemachine.action.StartAction - 非第一次执行start动作，返回成功
]]></system-out>
  </testcase>
  <testcase name="testDoAction_nonFirstExecution" classname="com.jameswushanghai.statemachine.action.StartActionTest" time="0">
    <system-out><![CDATA[13:07:07.451 [main] INFO  com.jameswushanghai.statemachine.action.StartAction - 执行开始动作
13:07:07.451 [main] INFO  com.jameswushanghai.statemachine.action.StartAction - 非第一次执行start动作，返回成功
]]></system-out>
  </testcase>
  <testcase name="testSimple" classname="com.jameswushanghai.statemachine.SimpleTest" time="0"/>
  <testcase name="testVerySimple" classname="com.jameswushanghai.statemachine.VerySimpleTest" time="0.001">
    <system-out><![CDATA[测试方法执行
]]></system-out>
  </testcase>
</testsuite>