<?xml version="1.0" encoding="UTF-8"?>
<testng-results ignored="0" total="19" passed="19" failed="0" skipped="0">
  <reporter-output>
  </reporter-output>
  <suite started-at="2025-09-22T13:07:06 CST" name="Surefire suite" finished-at="2025-09-22T13:07:07 CST" duration-ms="532">
    <groups>
    </groups>
    <test started-at="2025-09-22T13:07:06 CST" name="Surefire test" finished-at="2025-09-22T13:07:07 CST" duration-ms="532">
      <class name="com.jameswushanghai.statemachine.VerySimpleTest">
        <test-method signature="testVerySimple()[pri:0, instance:com.jameswushanghai.statemachine.VerySimpleTest@466276d8]" started-at="2025-09-22T13:07:07 CST" name="testVerySimple" finished-at="2025-09-22T13:07:07 CST" duration-ms="0" status="PASS">
          <reporter-output>
          </reporter-output>
        </test-method> <!-- testVerySimple -->
      </class> <!-- com.jameswushanghai.statemachine.VerySimpleTest -->
      <class name="com.jameswushanghai.statemachine.action.CompleteActionTest">
        <test-method is-config="true" signature="setUp()[pri:0, instance:com.jameswushanghai.statemachine.action.CompleteActionTest@1c33c17b]" started-at="2025-09-22T13:07:06 CST" name="setUp" finished-at="2025-09-22T13:07:07 CST" duration-ms="149" status="PASS">
          <reporter-output>
          </reporter-output>
        </test-method> <!-- setUp -->
        <test-method signature="testDoAction_basicBehavior()[pri:0, instance:com.jameswushanghai.statemachine.action.CompleteActionTest@1c33c17b]" started-at="2025-09-22T13:07:07 CST" name="testDoAction_basicBehavior" finished-at="2025-09-22T13:07:07 CST" duration-ms="7" status="PASS">
          <reporter-output>
          </reporter-output>
        </test-method> <!-- testDoAction_basicBehavior -->
        <test-method is-config="true" signature="setUp()[pri:0, instance:com.jameswushanghai.statemachine.action.CompleteActionTest@1c33c17b]" started-at="2025-09-22T13:07:07 CST" name="setUp" finished-at="2025-09-22T13:07:07 CST" duration-ms="2" status="PASS">
          <reporter-output>
          </reporter-output>
        </test-method> <!-- setUp -->
        <test-method signature="testDoAction_invalidTimeTypes()[pri:0, instance:com.jameswushanghai.statemachine.action.CompleteActionTest@1c33c17b]" started-at="2025-09-22T13:07:07 CST" name="testDoAction_invalidTimeTypes" finished-at="2025-09-22T13:07:07 CST" duration-ms="2" status="PASS">
          <reporter-output>
          </reporter-output>
        </test-method> <!-- testDoAction_invalidTimeTypes -->
        <test-method is-config="true" signature="setUp()[pri:0, instance:com.jameswushanghai.statemachine.action.CompleteActionTest@1c33c17b]" started-at="2025-09-22T13:07:07 CST" name="setUp" finished-at="2025-09-22T13:07:07 CST" duration-ms="0" status="PASS">
          <reporter-output>
          </reporter-output>
        </test-method> <!-- setUp -->
        <test-method signature="testDoAction_missingProcessTime()[pri:0, instance:com.jameswushanghai.statemachine.action.CompleteActionTest@1c33c17b]" started-at="2025-09-22T13:07:07 CST" name="testDoAction_missingProcessTime" finished-at="2025-09-22T13:07:07 CST" duration-ms="1" status="PASS">
          <reporter-output>
          </reporter-output>
        </test-method> <!-- testDoAction_missingProcessTime -->
        <test-method is-config="true" signature="setUp()[pri:0, instance:com.jameswushanghai.statemachine.action.CompleteActionTest@1c33c17b]" started-at="2025-09-22T13:07:07 CST" name="setUp" finished-at="2025-09-22T13:07:07 CST" duration-ms="0" status="PASS">
          <reporter-output>
          </reporter-output>
        </test-method> <!-- setUp -->
        <test-method signature="testDoAction_missingTimestamp()[pri:0, instance:com.jameswushanghai.statemachine.action.CompleteActionTest@1c33c17b]" started-at="2025-09-22T13:07:07 CST" name="testDoAction_missingTimestamp" finished-at="2025-09-22T13:07:07 CST" duration-ms="1" status="PASS">
          <reporter-output>
          </reporter-output>
        </test-method> <!-- testDoAction_missingTimestamp -->
        <test-method is-config="true" signature="setUp()[pri:0, instance:com.jameswushanghai.statemachine.action.CompleteActionTest@1c33c17b]" started-at="2025-09-22T13:07:07 CST" name="setUp" finished-at="2025-09-22T13:07:07 CST" duration-ms="0" status="PASS">
          <reporter-output>
          </reporter-output>
        </test-method> <!-- setUp -->
        <test-method signature="testDoAction_withExistingContextData()[pri:0, instance:com.jameswushanghai.statemachine.action.CompleteActionTest@1c33c17b]" started-at="2025-09-22T13:07:07 CST" name="testDoAction_withExistingContextData" finished-at="2025-09-22T13:07:07 CST" duration-ms="1" status="PASS">
          <reporter-output>
          </reporter-output>
        </test-method> <!-- testDoAction_withExistingContextData -->
        <test-method is-config="true" signature="setUp()[pri:0, instance:com.jameswushanghai.statemachine.action.CompleteActionTest@1c33c17b]" started-at="2025-09-22T13:07:07 CST" name="setUp" finished-at="2025-09-22T13:07:07 CST" duration-ms="1" status="PASS">
          <reporter-output>
          </reporter-output>
        </test-method> <!-- setUp -->
        <test-method signature="testDoAction_withTimestamps()[pri:0, instance:com.jameswushanghai.statemachine.action.CompleteActionTest@1c33c17b]" started-at="2025-09-22T13:07:07 CST" name="testDoAction_withTimestamps" finished-at="2025-09-22T13:07:07 CST" duration-ms="1" status="PASS">
          <reporter-output>
          </reporter-output>
        </test-method> <!-- testDoAction_withTimestamps -->
      </class> <!-- com.jameswushanghai.statemachine.action.CompleteActionTest -->
      <class name="com.jameswushanghai.statemachine.SimpleTest">
        <test-method signature="testSimple()[pri:0, instance:com.jameswushanghai.statemachine.SimpleTest@4b40f651]" started-at="2025-09-22T13:07:07 CST" name="testSimple" finished-at="2025-09-22T13:07:07 CST" duration-ms="0" status="PASS">
          <reporter-output>
          </reporter-output>
        </test-method> <!-- testSimple -->
      </class> <!-- com.jameswushanghai.statemachine.SimpleTest -->
      <class name="com.jameswushanghai.statemachine.action.RetryActionTest">
        <test-method is-config="true" signature="setUp()[pri:0, instance:com.jameswushanghai.statemachine.action.RetryActionTest@3d3e5463]" started-at="2025-09-22T13:07:07 CST" name="setUp" finished-at="2025-09-22T13:07:07 CST" duration-ms="1" status="PASS">
          <reporter-output>
          </reporter-output>
        </test-method> <!-- setUp -->
        <test-method signature="testDoAction_firstRetry()[pri:0, instance:com.jameswushanghai.statemachine.action.RetryActionTest@3d3e5463]" started-at="2025-09-22T13:07:07 CST" name="testDoAction_firstRetry" finished-at="2025-09-22T13:07:07 CST" duration-ms="1" status="PASS">
          <reporter-output>
          </reporter-output>
        </test-method> <!-- testDoAction_firstRetry -->
        <test-method signature="testDoAction_invalidRetryCountType()[pri:0, instance:com.jameswushanghai.statemachine.action.RetryActionTest@3d3e5463]" started-at="2025-09-22T13:07:07 CST" name="testDoAction_invalidRetryCountType" finished-at="2025-09-22T13:07:07 CST" duration-ms="0" status="PASS">
          <reporter-output>
          </reporter-output>
        </test-method> <!-- testDoAction_invalidRetryCountType -->
        <test-method is-config="true" signature="setUp()[pri:0, instance:com.jameswushanghai.statemachine.action.RetryActionTest@3d3e5463]" started-at="2025-09-22T13:07:07 CST" name="setUp" finished-at="2025-09-22T13:07:07 CST" duration-ms="0" status="PASS">
          <reporter-output>
          </reporter-output>
        </test-method> <!-- setUp -->
        <test-method signature="testDoAction_subsequentRetries()[pri:0, instance:com.jameswushanghai.statemachine.action.RetryActionTest@3d3e5463]" started-at="2025-09-22T13:07:07 CST" name="testDoAction_subsequentRetries" finished-at="2025-09-22T13:07:07 CST" duration-ms="1" status="PASS">
          <reporter-output>
          </reporter-output>
        </test-method> <!-- testDoAction_subsequentRetries -->
        <test-method is-config="true" signature="setUp()[pri:0, instance:com.jameswushanghai.statemachine.action.RetryActionTest@3d3e5463]" started-at="2025-09-22T13:07:07 CST" name="setUp" finished-at="2025-09-22T13:07:07 CST" duration-ms="0" status="PASS">
          <reporter-output>
          </reporter-output>
        </test-method> <!-- setUp -->
        <test-method is-config="true" signature="setUp()[pri:0, instance:com.jameswushanghai.statemachine.action.RetryActionTest@3d3e5463]" started-at="2025-09-22T13:07:07 CST" name="setUp" finished-at="2025-09-22T13:07:07 CST" duration-ms="0" status="PASS">
          <reporter-output>
          </reporter-output>
        </test-method> <!-- setUp -->
        <test-method signature="testDoAction_withExistingContextData()[pri:0, instance:com.jameswushanghai.statemachine.action.RetryActionTest@3d3e5463]" started-at="2025-09-22T13:07:07 CST" name="testDoAction_withExistingContextData" finished-at="2025-09-22T13:07:07 CST" duration-ms="3" status="PASS">
          <reporter-output>
          </reporter-output>
        </test-method> <!-- testDoAction_withExistingContextData -->
      </class> <!-- com.jameswushanghai.statemachine.action.RetryActionTest -->
      <class name="com.jameswushanghai.statemachine.action.ProcessActionTest">
        <test-method is-config="true" signature="setUp()[pri:0, instance:com.jameswushanghai.statemachine.action.ProcessActionTest@e70f13a]" started-at="2025-09-22T13:07:07 CST" name="setUp" finished-at="2025-09-22T13:07:07 CST" duration-ms="1" status="PASS">
          <reporter-output>
          </reporter-output>
        </test-method> <!-- setUp -->
        <test-method signature="testDoAction_basicBehavior()[pri:0, instance:com.jameswushanghai.statemachine.action.ProcessActionTest@e70f13a]" started-at="2025-09-22T13:07:07 CST" name="testDoAction_basicBehavior" finished-at="2025-09-22T13:07:07 CST" duration-ms="103" status="PASS">
          <reporter-output>
          </reporter-output>
        </test-method> <!-- testDoAction_basicBehavior -->
        <test-method is-config="true" signature="setUp()[pri:0, instance:com.jameswushanghai.statemachine.action.ProcessActionTest@e70f13a]" started-at="2025-09-22T13:07:07 CST" name="setUp" finished-at="2025-09-22T13:07:07 CST" duration-ms="0" status="PASS">
          <reporter-output>
          </reporter-output>
        </test-method> <!-- setUp -->
        <test-method signature="testDoAction_threadSleepBehavior()[pri:0, instance:com.jameswushanghai.statemachine.action.ProcessActionTest@e70f13a]" started-at="2025-09-22T13:07:07 CST" name="testDoAction_threadSleepBehavior" finished-at="2025-09-22T13:07:07 CST" duration-ms="102" status="PASS">
          <reporter-output>
          </reporter-output>
        </test-method> <!-- testDoAction_threadSleepBehavior -->
        <test-method is-config="true" signature="setUp()[pri:0, instance:com.jameswushanghai.statemachine.action.ProcessActionTest@e70f13a]" started-at="2025-09-22T13:07:07 CST" name="setUp" finished-at="2025-09-22T13:07:07 CST" duration-ms="0" status="PASS">
          <reporter-output>
          </reporter-output>
        </test-method> <!-- setUp -->
        <test-method signature="testDoAction_withExistingContextData()[pri:0, instance:com.jameswushanghai.statemachine.action.ProcessActionTest@e70f13a]" started-at="2025-09-22T13:07:07 CST" name="testDoAction_withExistingContextData" finished-at="2025-09-22T13:07:07 CST" duration-ms="103" status="PASS">
          <reporter-output>
          </reporter-output>
        </test-method> <!-- testDoAction_withExistingContextData -->
      </class> <!-- com.jameswushanghai.statemachine.action.ProcessActionTest -->
      <class name="com.jameswushanghai.statemachine.action.StartActionTest">
        <test-method is-config="true" signature="setUp()[pri:0, instance:com.jameswushanghai.statemachine.action.StartActionTest@64a40280]" started-at="2025-09-22T13:07:07 CST" name="setUp" finished-at="2025-09-22T13:07:07 CST" duration-ms="4" status="PASS">
          <reporter-output>
          </reporter-output>
        </test-method> <!-- setUp -->
        <test-method signature="testDoAction_firstExecution()[pri:0, instance:com.jameswushanghai.statemachine.action.StartActionTest@64a40280]" started-at="2025-09-22T13:07:07 CST" name="testDoAction_firstExecution" finished-at="2025-09-22T13:07:07 CST" duration-ms="0" status="PASS">
          <reporter-output>
          </reporter-output>
        </test-method> <!-- testDoAction_firstExecution -->
        <test-method is-config="true" signature="setUp()[pri:0, instance:com.jameswushanghai.statemachine.action.StartActionTest@64a40280]" started-at="2025-09-22T13:07:07 CST" name="setUp" finished-at="2025-09-22T13:07:07 CST" duration-ms="0" status="PASS">
          <reporter-output>
          </reporter-output>
        </test-method> <!-- setUp -->
        <test-method signature="testDoAction_invalidFirstExecutionType()[pri:0, instance:com.jameswushanghai.statemachine.action.StartActionTest@64a40280]" started-at="2025-09-22T13:07:07 CST" name="testDoAction_invalidFirstExecutionType" finished-at="2025-09-22T13:07:07 CST" duration-ms="2" status="PASS">
          <reporter-output>
          </reporter-output>
        </test-method> <!-- testDoAction_invalidFirstExecutionType -->
        <test-method is-config="true" signature="setUp()[pri:0, instance:com.jameswushanghai.statemachine.action.StartActionTest@64a40280]" started-at="2025-09-22T13:07:07 CST" name="setUp" finished-at="2025-09-22T13:07:07 CST" duration-ms="0" status="PASS">
          <reporter-output>
          </reporter-output>
        </test-method> <!-- setUp -->
        <test-method signature="testDoAction_noFirstExecutionFlag()[pri:0, instance:com.jameswushanghai.statemachine.action.StartActionTest@64a40280]" started-at="2025-09-22T13:07:07 CST" name="testDoAction_noFirstExecutionFlag" finished-at="2025-09-22T13:07:07 CST" duration-ms="1" status="PASS">
          <reporter-output>
          </reporter-output>
        </test-method> <!-- testDoAction_noFirstExecutionFlag -->
        <test-method is-config="true" signature="setUp()[pri:0, instance:com.jameswushanghai.statemachine.action.StartActionTest@64a40280]" started-at="2025-09-22T13:07:07 CST" name="setUp" finished-at="2025-09-22T13:07:07 CST" duration-ms="1" status="PASS">
          <reporter-output>
          </reporter-output>
        </test-method> <!-- setUp -->
        <test-method signature="testDoAction_nonFirstExecution()[pri:0, instance:com.jameswushanghai.statemachine.action.StartActionTest@64a40280]" started-at="2025-09-22T13:07:07 CST" name="testDoAction_nonFirstExecution" finished-at="2025-09-22T13:07:07 CST" duration-ms="0" status="PASS">
          <reporter-output>
          </reporter-output>
        </test-method> <!-- testDoAction_nonFirstExecution -->
      </class> <!-- com.jameswushanghai.statemachine.action.StartActionTest -->
    </test> <!-- Surefire test -->
  </suite> <!-- Surefire suite -->
</testng-results>
