<?xml version="1.0" encoding="UTF-8"?>
<testsuite xmlns:xsi="http://www.w3.org/2001/XMLSchema-instance" xsi:noNamespaceSchemaLocation="https://maven.apache.org/surefire/maven-surefire-plugin/xsd/surefire-test-report-3.0.xsd" version="3.0" name="com.jameswushanghai.statemachine.core.StateMachineApiProxyTest" time="0.194" tests="12" errors="0" skipped="0" failures="0">
  <properties>
[...]
</properties>
  <testcase name="testGetStateMachine" classname="com.jameswushanghai.statemachine.core.StateMachineApiProxyTest" time="0.144"/>
  <testcase name="testCreateProxy" classname="com.jameswushanghai.statemachine.core.StateMachineApiProxyTest" time="0.012">
    <system-out><![CDATA[13:07:04.489 [main] DEBUG com.jameswushanghai.statemachine.core.StateMachineApiProxy - 调用状态机API方法: testMethod
13:07:04.492 [main] DEBUG com.jameswushanghai.statemachine.core.StateMachineApiProxy - 状态机从[INIT]转换到[SUCCESS]
]]></system-out>
  </testcase>
  <testcase name="testCreateProxyWithEmptyApiInterface" classname="com.jameswushanghai.statemachine.core.StateMachineApiProxyTest" time="0.001"/>
  <testcase name="testInvokeWithException" classname="com.jameswushanghai.statemachine.core.StateMachineApiProxyTest" time="0.006">
    <system-out><![CDATA[13:07:04.501 [main] DEBUG com.jameswushanghai.statemachine.core.StateMachineApiProxy - 调用状态机API方法: testMethod
]]></system-out>
  </testcase>
  <testcase name="testInvokeNormalExecution" classname="com.jameswushanghai.statemachine.core.StateMachineApiProxyTest" time="0.003">
    <system-out><![CDATA[13:07:04.504 [main] DEBUG com.jameswushanghai.statemachine.core.StateMachineApiProxy - 调用状态机API方法: testMethod
13:07:04.505 [main] DEBUG com.jameswushanghai.statemachine.core.StateMachineApiProxy - 状态机从[INIT]转换到[SUCCESS]
]]></system-out>
  </testcase>
  <testcase name="testInvokeObjectMethod" classname="com.jameswushanghai.statemachine.core.StateMachineApiProxyTest" time="0.002"/>
  <testcase name="testCreateProxyWithNullApiInterface" classname="com.jameswushanghai.statemachine.core.StateMachineApiProxyTest" time="0.001"/>
  <testcase name="testCreateProxyWithInvalidInterface" classname="com.jameswushanghai.statemachine.core.StateMachineApiProxyTest" time="0.002"/>
  <testcase name="testCreateMultipleProxies" classname="com.jameswushanghai.statemachine.core.StateMachineApiProxyTest" time="0.002"/>
  <testcase name="testInvokeWithUninitializedStateMachine" classname="com.jameswushanghai.statemachine.core.StateMachineApiProxyTest" time="0.003">
    <system-out><![CDATA[13:07:04.520 [main] DEBUG com.jameswushanghai.statemachine.core.StateMachineApiProxy - 调用状态机API方法: testMethod
]]></system-out>
  </testcase>
  <testcase name="testInvokeWithParameters" classname="com.jameswushanghai.statemachine.core.StateMachineApiProxyTest" time="0.003">
    <system-out><![CDATA[13:07:04.523 [main] DEBUG com.jameswushanghai.statemachine.core.StateMachineApiProxy - 调用状态机API方法: methodWithParams
13:07:04.523 [main] DEBUG com.jameswushanghai.statemachine.core.StateMachineApiProxy - 状态机从[INIT]转换到[SUCCESS]
]]></system-out>
  </testcase>
  <testcase name="testConstructor" classname="com.jameswushanghai.statemachine.core.StateMachineApiProxyTest" time="0.001"/>
</testsuite>