<?xml version="1.0" encoding="UTF-8"?>
<testsuite xmlns:xsi="http://www.w3.org/2001/XMLSchema-instance" xsi:noNamespaceSchemaLocation="https://maven.apache.org/surefire/maven-surefire-plugin/xsd/surefire-test-report-3.0.xsd" version="3.0" name="com.jameswushanghai.statemachine.api.StateMachineApiTest" time="1.382" tests="1" errors="0" skipped="0" failures="0">
  <properties>
[...]
</properties>
  <testcase name="testStateMachineApi" classname="com.jameswushanghai.statemachine.api.StateMachineApiTest" time="1.345">
    <system-out><![CDATA[状态机API测试通过！第一次start失败，retry成功！
]]></system-out>
  </testcase>
</testsuite>